c:\users\spankarn\dropbox\projects\ipa\ipa\ipa\debug\vc140.pdb
c:\users\spankarn\dropbox\projects\ipa\ipa\ipa\debug\vc140.idb
c:\users\spankarn\dropbox\projects\ipa\ipa\ipa\debug\ast_printer.obj
c:\users\spankarn\dropbox\projects\ipa\ipa\ipa\debug\error.obj
c:\users\spankarn\dropbox\projects\ipa\ipa\ipa\debug\links.obj
c:\users\spankarn\dropbox\projects\ipa\ipa\ipa\debug\nodes.obj
c:\users\spankarn\dropbox\projects\ipa\ipa\ipa\debug\opcodes_printer.obj
c:\users\spankarn\dropbox\projects\ipa\ipa\ipa\debug\parser.obj
c:\users\spankarn\dropbox\projects\ipa\ipa\ipa\debug\runtime.obj
c:\users\spankarn\dropbox\projects\ipa\ipa\ipa\debug\server_compiler.obj
c:\users\spankarn\dropbox\projects\ipa\ipa\ipa\debug\setting.obj
c:\users\spankarn\dropbox\projects\ipa\ipa\ipa\debug\main.obj
c:\users\spankarn\dropbox\projects\ipa\ipa\ipa\debug\source.obj
c:\users\spankarn\dropbox\projects\ipa\ipa\ipa\debug\stmt.obj
c:\users\spankarn\dropbox\projects\ipa\ipa\ipa\debug\tokenizer.obj
c:\users\spankarn\dropbox\projects\ipa\ipa\ipa\debug\inferers.obj
c:\users\spankarn\dropbox\projects\ipa\ipa\ipa\debug\value.obj
c:\users\spankarn\dropbox\projects\ipa\ipa\debug\ipa.ilk
c:\users\spankarn\dropbox\projects\ipa\ipa\debug\ipa.exe
c:\users\spankarn\dropbox\projects\ipa\ipa\debug\ipa.pdb
c:\users\spankarn\dropbox\projects\ipa\ipa\ipa\debug\ipa.tlog\cl.command.1.tlog
c:\users\spankarn\dropbox\projects\ipa\ipa\ipa\debug\ipa.tlog\cl.read.1.tlog
c:\users\spankarn\dropbox\projects\ipa\ipa\ipa\debug\ipa.tlog\cl.write.1.tlog
c:\users\spankarn\dropbox\projects\ipa\ipa\ipa\debug\ipa.tlog\link.command.1.tlog
c:\users\spankarn\dropbox\projects\ipa\ipa\ipa\debug\ipa.tlog\link.read.1.tlog
c:\users\spankarn\dropbox\projects\ipa\ipa\ipa\debug\ipa.tlog\link.write.1.tlog
